<?xml version="1.0" encoding="UTF-8"?>
<testsuite name="org.securitylake.common.util.SlidingWindowCounterTest" tests="4" skipped="0" failures="0" errors="0" timestamp="2022-02-11T18:57:02" hostname="Prakashs-MacBook-Pro.local" time="0.013">
  <properties/>
  <testcase name="testErrorCountOutsideWindow" classname="org.securitylake.common.util.SlidingWindowCounterTest" time="0.009"/>
  <testcase name="testErrorCountWithOverlapWindow" classname="org.securitylake.common.util.SlidingWindowCounterTest" time="0.001"/>
  <testcase name="testErrorCountWithinWindow" classname="org.securitylake.common.util.SlidingWindowCounterTest" time="0.001"/>
  <testcase name="testWrongArguments" classname="org.securitylake.common.util.SlidingWindowCounterTest" time="0.0"/>
  <system-out><![CDATA[]]></system-out>
  <system-err><![CDATA[]]></system-err>
</testsuite>
